2020-01-11 23:03:22,043 [103] DEBUG LemonWay_WebserviceChallenge.Service - TEST
2020-01-11 23:03:48,633 [33] DEBUG LemonWay_WebserviceChallenge.Service - TEST
2020-01-11 23:09:04,578 [10] DEBUG LemonWay_WebserviceChallenge.Service - TEST
2020-01-11 23:09:11,579 [13] DEBUG LemonWay_WebserviceChallenge.Service - TEST
2020-01-11 23:09:18,253 [10] DEBUG LemonWay_WebserviceChallenge.Service - TEST
2020-01-11 23:17:28,776 [21] INFO LemonWay_WebserviceChallenge.Service - Starting Fibonacci...
2020-01-11 23:17:28,782 [21] DEBUG LemonWay_WebserviceChallenge.Service - Request Recieved : System.Web.HttpRequest
2020-01-11 23:19:00,130 [16] INFO LemonWay_WebserviceChallenge.Service - Starting Fibonacci...
2020-01-11 23:19:00,135 [16] DEBUG LemonWay_WebserviceChallenge.Service - Request Recieved - Header : Connection=Keep-Alive&Content-Length=153&Content-Type=text%2fxml%3b+charset%3dutf-8&Accept-Encoding=gzip%2c+deflate&Expect=100-continue&Host=localhost%3a44340&SOAPAction=%22http%3a%2f%2ftempuri.org%2fFibonacci%22
2020-01-11 23:20:29,034 [20] INFO LemonWay_WebserviceChallenge.Service - Starting Fibonacci...
2020-01-11 23:20:29,039 [20] DEBUG LemonWay_WebserviceChallenge.Service - Request Recieved - Header : System.Web.HttpInputStream
2020-01-11 23:26:25,958 [16] INFO LemonWay_WebserviceChallenge.Service - Starting Fibonacci...
2020-01-11 23:26:25,964 [16] DEBUG LemonWay_WebserviceChallenge.Service - Request Recieved : 
2020-01-11 23:28:33,971 [31] INFO LemonWay_WebserviceChallenge.Service - Starting Fibonacci...
2020-01-11 23:28:33,977 [31] DEBUG LemonWay_WebserviceChallenge.Service - Request Recieved : 
2020-01-11 23:29:36,346 [20] INFO LemonWay_WebserviceChallenge.Service - Starting Fibonacci...
2020-01-11 23:29:36,351 [20] DEBUG LemonWay_WebserviceChallenge.Service - Request Recieved : ALL_HTTP=HTTP_CONNECTION%3aKeep-Alive%0d%0aHTTP_CONTENT_LENGTH%3a153%0d%0aHTTP_CONTENT_TYPE%3atext%2fxml%3b+charset%3dutf-8%0d%0aHTTP_ACCEPT_ENCODING%3agzip%2c+deflate%0d%0aHTTP_EXPECT%3a100-continue%0d%0aHTTP_HOST%3alocalhost%3a44340%0d%0aHTTP_SOAPACTION%3a%22http%3a%2f%2ftempuri.org%2fFibonacci%22%0d%0a&ALL_RAW=Connection%3a+Keep-Alive%0d%0aContent-Length%3a+153%0d%0aContent-Type%3a+text%2fxml%3b+charset%3dutf-8%0d%0aAccept-Encoding%3a+gzip%2c+deflate%0d%0aExpect%3a+100-continue%0d%0aHost%3a+localhost%3a44340%0d%0aSOAPAction%3a+%22http%3a%2f%2ftempuri.org%2fFibonacci%22%0d%0a&APPL_MD_PATH=%2fLM%2fW3SVC%2f2%2fROOT&APPL_PHYSICAL_PATH=C%3a%5cUsers%5cBenjamin%5csource%5crepos%5cLemonWay_WebserviceChallenge%5cLemonWay_WebserviceChallenge%5c&AUTH_TYPE=&AUTH_USER=&AUTH_PASSWORD=&LOGON_USER=&REMOTE_USER=&CERT_COOKIE=&CERT_FLAGS=&CERT_ISSUER=&CERT_KEYSIZE=256&CERT_SECRETKEYSIZE=2048&CERT_SERIALNUMBER=&CERT_SERVER_ISSUER=CN%3dlocalhost&CERT_SERVER_SUBJECT=CN%3dlocalhost&CERT_SUBJECT=&CONTENT_LENGTH=153&CONTENT_TYPE=text%2fxml%3b+charset%3dutf-8&GATEWAY_INTERFACE=CGI%2f1.1&HTTPS=on&HTTPS_KEYSIZE=256&HTTPS_SECRETKEYSIZE=2048&HTTPS_SERVER_ISSUER=CN%3dlocalhost&HTTPS_SERVER_SUBJECT=CN%3dlocalhost&INSTANCE_ID=2&INSTANCE_META_PATH=%2fLM%2fW3SVC%2f2&LOCAL_ADDR=127.0.0.1&PATH_INFO=%2fService.asmx&PATH_TRANSLATED=C%3a%5cUsers%5cBenjamin%5csource%5crepos%5cLemonWay_WebserviceChallenge%5cLemonWay_WebserviceChallenge%5cService.asmx&QUERY_STRING=&REMOTE_ADDR=127.0.0.1&REMOTE_HOST=127.0.0.1&REMOTE_PORT=53691&REQUEST_METHOD=POST&SCRIPT_NAME=%2fService.asmx&SERVER_NAME=localhost&SERVER_PORT=44340&SERVER_PORT_SECURE=1&SERVER_PROTOCOL=HTTP%2f1.1&SERVER_SOFTWARE=Microsoft-IIS%2f10.0&URL=%2fService.asmx&HTTP_CONNECTION=Keep-Alive&HTTP_CONTENT_LENGTH=153&HTTP_CONTENT_TYPE=text%2fxml%3b+charset%3dutf-8&HTTP_ACCEPT_ENCODING=gzip%2c+deflate&HTTP_EXPECT=100-continue&HTTP_HOST=localhost%3a44340&HTTP_SOAPACTION=%22http%3a%2f%2ftempuri.org%2fFibonacci%22
2020-01-11 23:32:37,926 [31] INFO LemonWay_WebserviceChallenge.Service - Starting Fibonacci...
2020-01-11 23:32:37,932 [31] DEBUG LemonWay_WebserviceChallenge.Service - Request Recieved : Method POST
2020-01-11 23:32:37,932 [31] DEBUG LemonWay_WebserviceChallenge.Service - Request Recieved : Header Connection=Keep-Alive&Content-Length=153&Content-Type=text%2fxml%3b+charset%3dutf-8&Accept-Encoding=gzip%2c+deflate&Expect=100-continue&Host=localhost%3a44340&SOAPAction=%22http%3a%2f%2ftempuri.org%2fFibonacci%22
2020-01-11 23:32:37,932 [31] DEBUG LemonWay_WebserviceChallenge.Service - Request Recieved : Method 
2020-01-11 23:38:51,933 [24] INFO LemonWay_WebserviceChallenge.Service - Starting Fibonacci...
2020-01-11 23:38:51,938 [24] DEBUG LemonWay_WebserviceChallenge.Service - Request Recieved - Method : POST
2020-01-11 23:38:51,939 [24] DEBUG LemonWay_WebserviceChallenge.Service - Request Recieved - Header : Cache-Control=max-age%3d0&Connection=close&Content-Length=3&Content-Type=application%2fx-www-form-urlencoded&Accept=text%2fhtml%2capplication%2fxhtml%2bxml%2capplication%2fxml%3bq%3d0.9%2cimage%2fwebp%2cimage%2fapng%2c*%2f*%3bq%3d0.8%2capplication%2fsigned-exchange%3bv%3db3%3bq%3d0.9&Accept-Encoding=gzip%2c+deflate%2c+br&Accept-Language=fr-FR%2cfr%3bq%3d0.9%2cen%3bq%3d0.8%2cen-US%3bq%3d0.7%2cja%3bq%3d0.6&Host=localhost%3a44340&Referer=https%3a%2f%2flocalhost%3a44340%2fService.asmx%3fop%3dFibonacci&User-Agent=Mozilla%2f5.0+(Windows+NT+10.0%3b+Win64%3b+x64)+AppleWebKit%2f537.36+(KHTML%2c+like+Gecko)+Chrome%2f79.0.3945.117+Safari%2f537.36&origin=https%3a%2f%2flocalhost%3a44340&upgrade-insecure-requests=1&sec-fetch-user=%3f1&sec-fetch-site=same-origin&sec-fetch-mode=navigate
2020-01-11 23:38:51,939 [24] DEBUG LemonWay_WebserviceChallenge.Service - Request Recieved - User IP : ::1
